P:\GENERI~3\WINDOWS\generic_server\\sample_client2\Release\sample_client2.exe
P:\GENERI~3\WINDOWS\generic_server\\sample_client2\Release\sample_client2.exe.intermediate.manifest
P:\GENERI~3\WINDOWS\generic_server\\sample_client2\Release\sample_client2.pdb
P:\GENERI~3\WINDOWS\generic_server\sample_client2\Release\cl.command.1.tlog
P:\GENERI~3\WINDOWS\generic_server\sample_client2\Release\CL.read.1.tlog
P:\GENERI~3\WINDOWS\generic_server\sample_client2\Release\CL.write.1.tlog
P:\GENERI~3\WINDOWS\generic_server\sample_client2\Release\link.command.1.tlog
P:\GENERI~3\WINDOWS\generic_server\sample_client2\Release\link.read.1.tlog
P:\GENERI~3\WINDOWS\generic_server\sample_client2\Release\link.write.1.tlog
P:\GENERI~3\WINDOWS\generic_server\sample_client2\Release\mt.command.1.tlog
P:\GENERI~3\WINDOWS\generic_server\sample_client2\Release\mt.read.1.tlog
P:\GENERI~3\WINDOWS\generic_server\sample_client2\Release\mt.write.1.tlog
P:\GENERI~3\WINDOWS\generic_server\sample_client2\Release\rc.command.1.tlog
P:\GENERI~3\WINDOWS\generic_server\sample_client2\Release\rc.read.1.tlog
P:\GENERI~3\WINDOWS\generic_server\sample_client2\Release\rc.write.1.tlog
P:\GENERI~3\WINDOWS\GENERIC_SERVER\SAMPLE_CLIENT2\RELEASE\SAMPLE_CLIENT2.EXE
P:\GENERI~3\WINDOWS\GENERIC_SERVER\SAMPLE_CLIENT2\RELEASE\SAMPLE_CLIENT2.EXE.INTERMEDIATE.MANIFEST
P:\GENERI~3\WINDOWS\GENERIC_SERVER\SAMPLE_CLIENT2\RELEASE\SAMPLE_CLIENT2.OBJ
P:\GENERI~3\WINDOWS\GENERIC_SERVER\SAMPLE_CLIENT2\RELEASE\SAMPLE_CLIENT2.PDB
P:\GENERI~3\WINDOWS\GENERIC_SERVER\SAMPLE_CLIENT2\RELEASE\UTIL.OBJ
P:\GENERI~3\WINDOWS\GENERIC_SERVER\SAMPLE_CLIENT2\RELEASE\VC100.PDB
