Build started 11/18/2013 10:48:17 AM.
     1>Project "P:\GENERI~3\WINDOWS\generic_server\sample_client2\sample_client2.vcxproj" on node 2 (build target(s)).
     1>InitializeBuildStatus:
         Creating "Release\sample_client2.unsuccessfulbuild" because "AlwaysCreate" was specified.
       ClCompile:
         c:\Program Files\Microsoft Visual Studio 10.0\VC\bin\CL.exe /c /Zi /nologo /W3 /WX- /O2 /Oi /Oy- /GL /D WIN32 /D NDEBUG /D _CONSOLE /D WINDOWS /D _UNICODE /D UNICODE /Gm- /EHsc /MD /GS /Gy /fp:precise /Zc:wchar_t /Zc:forScope /Fo"Release\\" /Fd"Release\vc100.pdb" /Gd /TP /analyze- /errorReport:prompt ..\..\..\sample_client2\sample_client2.cpp
         sample_client2.cpp
       Link:
         c:\Program Files\Microsoft Visual Studio 10.0\VC\bin\link.exe /ERRORREPORT:PROMPT /OUT:"P:\GENERI~3\WINDOWS\generic_server\\sample_client2\Release\sample_client2.exe" /INCREMENTAL:NO /NOLOGO ws2_32.lib libeay32.lib ssleay32.lib kernel32.lib user32.lib gdi32.lib winspool.lib comdlg32.lib advapi32.lib shell32.lib ole32.lib oleaut32.lib uuid.lib odbc32.lib odbccp32.lib /MANIFEST /ManifestFile:"Release\sample_client2.exe.intermediate.manifest" /MANIFESTUAC:"level='asInvoker' uiAccess='false'" /DEBUG /PDB:"P:\GENERI~3\WINDOWS\generic_server\sample_client2\Release\sample_client2.pdb" /SUBSYSTEM:CONSOLE /OPT:REF /OPT:ICF /LTCG /TLBID:1 /DYNAMICBASE /NXCOMPAT /IMPLIB:"P:\GENERI~3\WINDOWS\generic_server\\sample_client2\Release\sample_client2.lib" /MACHINE:X86 Release\sample_client2.obj
         Release\util.obj
         Generating code
         Finished generating code
         sample_client2.vcxproj -> P:\GENERI~3\WINDOWS\generic_server\\sample_client2\Release\sample_client2.exe
       Manifest:
         C:\Program Files\Microsoft SDKs\Windows\v7.0A\bin\mt.exe /nologo /verbose /outputresource:"P:\GENERI~3\WINDOWS\generic_server\\sample_client2\Release\sample_client2.exe;#1" /manifest Release\sample_client2.exe.intermediate.manifest
       FinalizeBuildStatus:
         Deleting file "Release\sample_client2.unsuccessfulbuild".
         Touching "Release\sample_client2.lastbuildstate".
     1>Done Building Project "P:\GENERI~3\WINDOWS\generic_server\sample_client2\sample_client2.vcxproj" (build target(s)).

Build succeeded.

Time Elapsed 00:00:05.31
