This file contains any messages produced by compilers while
running configure, to aid debugging if configure makes a mistake.

It was created by generic_server configure 0.0.0.9, which was
generated by GNU Autoconf 2.69.  Invocation command line was

  $ ./configure --prefix=/tmp

## --------- ##
## Platform. ##
## --------- ##

hostname = ld-irv-0034
uname -m = i686
uname -r = 3.5.0-17-generic
uname -s = Linux
uname -v = #28-Ubuntu SMP Tue Oct 9 19:32:08 UTC 2012

/usr/bin/uname -p = unknown
/bin/uname -X     = unknown

/bin/arch              = unknown
/usr/bin/arch -k       = unknown
/usr/convex/getsysinfo = unknown
/usr/bin/hostinfo      = unknown
/bin/machine           = unknown
/usr/bin/oslevel       = unknown
/bin/universe          = unknown

PATH: /usr/local/sbin
PATH: /usr/local/bin
PATH: /usr/sbin
PATH: /usr/bin
PATH: /sbin
PATH: /bin
PATH: /usr/games
PATH: /usr/local/games
PATH: /bin
PATH: /usr/bin
PATH: /home/suraj/PERL/pdk7/bin
PATH: /usr/lib/jvm/java-6-sun-1.6.0.16/bin


## ----------- ##
## Core tests. ##
## ----------- ##

configure:2448: checking build system type
configure:2462: result: i686-pc-linux-gnu
configure:2482: checking host system type
configure:2495: result: i686-pc-linux-gnu
configure:2536: checking how to print strings
configure:2563: result: printf
configure:2632: checking for gcc
configure:2648: found /usr/bin/gcc
configure:2659: result: gcc
configure:2888: checking for C compiler version
configure:2897: gcc --version >&5
gcc (Ubuntu/Linaro 4.7.2-2ubuntu1) 4.7.2
Copyright (C) 2012 Free Software Foundation, Inc.
This is free software; see the source for copying conditions.  There is NO
warranty; not even for MERCHANTABILITY or FITNESS FOR A PARTICULAR PURPOSE.

configure:2908: $? = 0
configure:2897: gcc -v >&5
Using built-in specs.
COLLECT_GCC=gcc
COLLECT_LTO_WRAPPER=/usr/lib/gcc/i686-linux-gnu/4.7/lto-wrapper
Target: i686-linux-gnu
Configured with: ../src/configure -v --with-pkgversion='Ubuntu/Linaro 4.7.2-2ubuntu1' --with-bugurl=file:///usr/share/doc/gcc-4.7/README.Bugs --enable-languages=c,c++,go,fortran,objc,obj-c++ --prefix=/usr --program-suffix=-4.7 --enable-shared --enable-linker-build-id --with-system-zlib --libexecdir=/usr/lib --without-included-gettext --enable-threads=posix --with-gxx-include-dir=/usr/include/c++/4.7 --libdir=/usr/lib --enable-nls --with-sysroot=/ --enable-clocale=gnu --enable-libstdcxx-debug --enable-libstdcxx-time=yes --enable-gnu-unique-object --enable-plugin --enable-objc-gc --enable-targets=all --disable-werror --with-arch-32=i686 --with-tune=generic --enable-checking=release --build=i686-linux-gnu --host=i686-linux-gnu --target=i686-linux-gnu
Thread model: posix
gcc version 4.7.2 (Ubuntu/Linaro 4.7.2-2ubuntu1) 
configure:2908: $? = 0
configure:2897: gcc -V >&5
gcc: error: unrecognized command line option '-V'
gcc: fatal error: no input files
compilation terminated.
configure:2908: $? = 4
configure:2897: gcc -qversion >&5
gcc: error: unrecognized command line option '-qversion'
gcc: fatal error: no input files
compilation terminated.
configure:2908: $? = 4
configure:2928: checking whether the C compiler works
configure:2950: gcc    conftest.c  >&5
configure:2954: $? = 0
configure:3002: result: yes
configure:3005: checking for C compiler default output file name
configure:3007: result: a.out
configure:3013: checking for suffix of executables
configure:3020: gcc -o conftest    conftest.c  >&5
configure:3024: $? = 0
configure:3046: result: 
configure:3068: checking whether we are cross compiling
configure:3076: gcc -o conftest    conftest.c  >&5
configure:3080: $? = 0
configure:3087: ./conftest
configure:3091: $? = 0
configure:3106: result: no
configure:3111: checking for suffix of object files
configure:3133: gcc -c   conftest.c >&5
configure:3137: $? = 0
configure:3158: result: o
configure:3162: checking whether we are using the GNU C compiler
configure:3181: gcc -c   conftest.c >&5
configure:3181: $? = 0
configure:3190: result: yes
configure:3199: checking whether gcc accepts -g
configure:3219: gcc -c -g  conftest.c >&5
configure:3219: $? = 0
configure:3260: result: yes
configure:3277: checking for gcc option to accept ISO C89
configure:3340: gcc  -c -g -O2  conftest.c >&5
configure:3340: $? = 0
configure:3353: result: none needed
configure:3373: checking for a sed that does not truncate output
configure:3437: result: /bin/sed
configure:3455: checking for grep that handles long lines and -e
configure:3513: result: /bin/grep
configure:3518: checking for egrep
configure:3580: result: /bin/grep -E
configure:3585: checking for fgrep
configure:3647: result: /bin/grep -F
configure:3682: checking for ld used by gcc
configure:3749: result: /usr/bin/ld
configure:3756: checking if the linker (/usr/bin/ld) is GNU ld
configure:3771: result: yes
configure:3783: checking for BSD- or MS-compatible name lister (nm)
configure:3832: result: /usr/bin/nm -B
configure:3962: checking the name lister (/usr/bin/nm -B) interface
configure:3969: gcc -c -g -O2  conftest.c >&5
configure:3972: /usr/bin/nm -B "conftest.o"
configure:3975: output
00000000 B some_variable
configure:3982: result: BSD nm
configure:3985: checking whether ln -s works
configure:3989: result: yes
configure:3997: checking the maximum length of command line arguments
configure:4127: result: 1572864
configure:4144: checking whether the shell understands some XSI constructs
configure:4154: result: yes
configure:4158: checking whether the shell understands "+="
configure:4164: result: yes
configure:4199: checking how to convert i686-pc-linux-gnu file names to i686-pc-linux-gnu format
configure:4239: result: func_convert_file_noop
configure:4246: checking how to convert i686-pc-linux-gnu file names to toolchain format
configure:4266: result: func_convert_file_noop
configure:4273: checking for /usr/bin/ld option to reload object files
configure:4280: result: -r
configure:4354: checking for objdump
configure:4370: found /usr/bin/objdump
configure:4381: result: objdump
configure:4413: checking how to recognize dependent libraries
configure:4615: result: pass_all
configure:4700: checking for dlltool
configure:4730: result: no
configure:4760: checking how to associate runtime and link libraries
configure:4787: result: printf %s\n
configure:4848: checking for ar
configure:4864: found /usr/bin/ar
configure:4875: result: ar
configure:4912: checking for archiver @FILE support
configure:4929: gcc -c -g -O2  conftest.c >&5
configure:4929: $? = 0
configure:4932: ar cru libconftest.a @conftest.lst >&5
configure:4935: $? = 0
configure:4940: ar cru libconftest.a @conftest.lst >&5
ar: conftest.o: No such file or directory
configure:4943: $? = 1
configure:4955: result: @
configure:5013: checking for strip
configure:5029: found /usr/bin/strip
configure:5040: result: strip
configure:5112: checking for ranlib
configure:5128: found /usr/bin/ranlib
configure:5139: result: ranlib
configure:5216: checking for gawk
configure:5246: result: no
configure:5216: checking for mawk
configure:5232: found /usr/bin/mawk
configure:5243: result: mawk
configure:5283: checking command to parse /usr/bin/nm -B output from gcc object
configure:5403: gcc -c -g -O2  conftest.c >&5
configure:5406: $? = 0
configure:5410: /usr/bin/nm -B conftest.o \| sed -n -e 's/^.*[ ]\([ABCDGIRSTW][ABCDGIRSTW]*\)[ ][ ]*\([_A-Za-z][_A-Za-z0-9]*\)$/\1 \2 \2/p' | sed '/ __gnu_lto/d' \> conftest.nm
configure:5413: $? = 0
configure:5479: gcc -o conftest -g -O2   conftest.c conftstm.o >&5
configure:5482: $? = 0
configure:5520: result: ok
configure:5557: checking for sysroot
configure:5587: result: no
configure:5843: checking for mt
configure:5859: found /bin/mt
configure:5870: result: mt
configure:5893: checking if mt is a manifest tool
configure:5899: mt '-?'
configure:5907: result: no
configure:6549: checking how to run the C preprocessor
configure:6580: gcc -E  conftest.c
configure:6580: $? = 0
configure:6594: gcc -E  conftest.c
conftest.c:9:28: fatal error: ac_nonexistent.h: No such file or directory
compilation terminated.
configure:6594: $? = 1
configure: failed program was:
| /* confdefs.h */
| #define PACKAGE_NAME "generic_server"
| #define PACKAGE_TARNAME "generic_server"
| #define PACKAGE_VERSION "0.0.0.9"
| #define PACKAGE_STRING "generic_server 0.0.0.9"
| #define PACKAGE_BUGREPORT "suraj@broadcom.com"
| #define PACKAGE_URL ""
| /* end confdefs.h.  */
| #include <ac_nonexistent.h>
configure:6619: result: gcc -E
configure:6639: gcc -E  conftest.c
configure:6639: $? = 0
configure:6653: gcc -E  conftest.c
conftest.c:9:28: fatal error: ac_nonexistent.h: No such file or directory
compilation terminated.
configure:6653: $? = 1
configure: failed program was:
| /* confdefs.h */
| #define PACKAGE_NAME "generic_server"
| #define PACKAGE_TARNAME "generic_server"
| #define PACKAGE_VERSION "0.0.0.9"
| #define PACKAGE_STRING "generic_server 0.0.0.9"
| #define PACKAGE_BUGREPORT "suraj@broadcom.com"
| #define PACKAGE_URL ""
| /* end confdefs.h.  */
| #include <ac_nonexistent.h>
configure:6682: checking for ANSI C header files
configure:6702: gcc -c -g -O2  conftest.c >&5
configure:6702: $? = 0
configure:6775: gcc -o conftest -g -O2   conftest.c  >&5
configure:6775: $? = 0
configure:6775: ./conftest
configure:6775: $? = 0
configure:6786: result: yes
configure:6799: checking for sys/types.h
configure:6799: gcc -c -g -O2  conftest.c >&5
configure:6799: $? = 0
configure:6799: result: yes
configure:6799: checking for sys/stat.h
configure:6799: gcc -c -g -O2  conftest.c >&5
configure:6799: $? = 0
configure:6799: result: yes
configure:6799: checking for stdlib.h
configure:6799: gcc -c -g -O2  conftest.c >&5
configure:6799: $? = 0
configure:6799: result: yes
configure:6799: checking for string.h
configure:6799: gcc -c -g -O2  conftest.c >&5
configure:6799: $? = 0
configure:6799: result: yes
configure:6799: checking for memory.h
configure:6799: gcc -c -g -O2  conftest.c >&5
configure:6799: $? = 0
configure:6799: result: yes
configure:6799: checking for strings.h
configure:6799: gcc -c -g -O2  conftest.c >&5
configure:6799: $? = 0
configure:6799: result: yes
configure:6799: checking for inttypes.h
configure:6799: gcc -c -g -O2  conftest.c >&5
configure:6799: $? = 0
configure:6799: result: yes
configure:6799: checking for stdint.h
configure:6799: gcc -c -g -O2  conftest.c >&5
configure:6799: $? = 0
configure:6799: result: yes
configure:6799: checking for unistd.h
configure:6799: gcc -c -g -O2  conftest.c >&5
configure:6799: $? = 0
configure:6799: result: yes
configure:6813: checking for dlfcn.h
configure:6813: gcc -c -g -O2  conftest.c >&5
configure:6813: $? = 0
configure:6813: result: yes
configure:7018: checking for objdir
configure:7033: result: .libs
configure:7304: checking if gcc supports -fno-rtti -fno-exceptions
configure:7322: gcc -c -g -O2  -fno-rtti -fno-exceptions conftest.c >&5
cc1: warning: command line option '-fno-rtti' is valid for C++/ObjC++ but not for C [enabled by default]
configure:7326: $? = 0
configure:7339: result: no
configure:7666: checking for gcc option to produce PIC
configure:7673: result: -fPIC -DPIC
configure:7681: checking if gcc PIC flag -fPIC -DPIC works
configure:7699: gcc -c -g -O2  -fPIC -DPIC -DPIC conftest.c >&5
configure:7703: $? = 0
configure:7716: result: yes
configure:7745: checking if gcc static flag -static works
configure:7773: result: yes
configure:7788: checking if gcc supports -c -o file.o
configure:7809: gcc -c -g -O2  -o out/conftest2.o conftest.c >&5
configure:7813: $? = 0
configure:7835: result: yes
configure:7843: checking if gcc supports -c -o file.o
configure:7890: result: yes
configure:7923: checking whether the gcc linker (/usr/bin/ld) supports shared libraries
configure:9080: result: yes
configure:9117: checking whether -lc should be explicitly linked in
configure:9125: gcc -c -g -O2  conftest.c >&5
configure:9128: $? = 0
configure:9143: gcc -shared  -fPIC -DPIC conftest.o  -v -Wl,-soname -Wl,conftest -o conftest 2\>\&1 \| /bin/grep  -lc  \>/dev/null 2\>\&1
configure:9146: $? = 0
configure:9160: result: no
configure:9320: checking dynamic linker characteristics
configure:9831: gcc -o conftest -g -O2   -Wl,-rpath -Wl,/foo conftest.c  >&5
configure:9831: $? = 0
configure:10065: result: GNU/Linux ld.so
configure:10172: checking how to hardcode library paths into programs
configure:10197: result: immediate
configure:10737: checking whether stripping libraries is possible
configure:10742: result: yes
configure:10777: checking if libtool supports shared libraries
configure:10779: result: yes
configure:10782: checking whether to build shared libraries
configure:10803: result: yes
configure:10806: checking whether to build static libraries
configure:10810: result: no
configure:10907: checking for g++
configure:10923: found /usr/bin/g++
configure:10934: result: g++
configure:10961: checking for C++ compiler version
configure:10970: g++ --version >&5
g++ (Ubuntu/Linaro 4.7.2-2ubuntu1) 4.7.2
Copyright (C) 2012 Free Software Foundation, Inc.
This is free software; see the source for copying conditions.  There is NO
warranty; not even for MERCHANTABILITY or FITNESS FOR A PARTICULAR PURPOSE.

configure:10981: $? = 0
configure:10970: g++ -v >&5
Using built-in specs.
COLLECT_GCC=g++
COLLECT_LTO_WRAPPER=/usr/lib/gcc/i686-linux-gnu/4.7/lto-wrapper
Target: i686-linux-gnu
Configured with: ../src/configure -v --with-pkgversion='Ubuntu/Linaro 4.7.2-2ubuntu1' --with-bugurl=file:///usr/share/doc/gcc-4.7/README.Bugs --enable-languages=c,c++,go,fortran,objc,obj-c++ --prefix=/usr --program-suffix=-4.7 --enable-shared --enable-linker-build-id --with-system-zlib --libexecdir=/usr/lib --without-included-gettext --enable-threads=posix --with-gxx-include-dir=/usr/include/c++/4.7 --libdir=/usr/lib --enable-nls --with-sysroot=/ --enable-clocale=gnu --enable-libstdcxx-debug --enable-libstdcxx-time=yes --enable-gnu-unique-object --enable-plugin --enable-objc-gc --enable-targets=all --disable-werror --with-arch-32=i686 --with-tune=generic --enable-checking=release --build=i686-linux-gnu --host=i686-linux-gnu --target=i686-linux-gnu
Thread model: posix
gcc version 4.7.2 (Ubuntu/Linaro 4.7.2-2ubuntu1) 
configure:10981: $? = 0
configure:10970: g++ -V >&5
g++: error: unrecognized command line option '-V'
g++: fatal error: no input files
compilation terminated.
configure:10981: $? = 4
configure:10970: g++ -qversion >&5
g++: error: unrecognized command line option '-qversion'
g++: fatal error: no input files
compilation terminated.
configure:10981: $? = 4
configure:10985: checking whether we are using the GNU C++ compiler
configure:11004: g++ -c   conftest.cpp >&5
configure:11004: $? = 0
configure:11013: result: yes
configure:11022: checking whether g++ accepts -g
configure:11042: g++ -c -g  conftest.cpp >&5
configure:11042: $? = 0
configure:11083: result: yes
configure:11124: checking how to run the C++ preprocessor
configure:11151: g++ -E  conftest.cpp
configure:11151: $? = 0
configure:11165: g++ -E  conftest.cpp
conftest.cpp:21:28: fatal error: ac_nonexistent.h: No such file or directory
compilation terminated.
configure:11165: $? = 1
configure: failed program was:
| /* confdefs.h */
| #define PACKAGE_NAME "generic_server"
| #define PACKAGE_TARNAME "generic_server"
| #define PACKAGE_VERSION "0.0.0.9"
| #define PACKAGE_STRING "generic_server 0.0.0.9"
| #define PACKAGE_BUGREPORT "suraj@broadcom.com"
| #define PACKAGE_URL ""
| #define STDC_HEADERS 1
| #define HAVE_SYS_TYPES_H 1
| #define HAVE_SYS_STAT_H 1
| #define HAVE_STDLIB_H 1
| #define HAVE_STRING_H 1
| #define HAVE_MEMORY_H 1
| #define HAVE_STRINGS_H 1
| #define HAVE_INTTYPES_H 1
| #define HAVE_STDINT_H 1
| #define HAVE_UNISTD_H 1
| #define HAVE_DLFCN_H 1
| #define LT_OBJDIR ".libs/"
| /* end confdefs.h.  */
| #include <ac_nonexistent.h>
configure:11190: result: g++ -E
configure:11210: g++ -E  conftest.cpp
configure:11210: $? = 0
configure:11224: g++ -E  conftest.cpp
conftest.cpp:21:28: fatal error: ac_nonexistent.h: No such file or directory
compilation terminated.
configure:11224: $? = 1
configure: failed program was:
| /* confdefs.h */
| #define PACKAGE_NAME "generic_server"
| #define PACKAGE_TARNAME "generic_server"
| #define PACKAGE_VERSION "0.0.0.9"
| #define PACKAGE_STRING "generic_server 0.0.0.9"
| #define PACKAGE_BUGREPORT "suraj@broadcom.com"
| #define PACKAGE_URL ""
| #define STDC_HEADERS 1
| #define HAVE_SYS_TYPES_H 1
| #define HAVE_SYS_STAT_H 1
| #define HAVE_STDLIB_H 1
| #define HAVE_STRING_H 1
| #define HAVE_MEMORY_H 1
| #define HAVE_STRINGS_H 1
| #define HAVE_INTTYPES_H 1
| #define HAVE_STDINT_H 1
| #define HAVE_UNISTD_H 1
| #define HAVE_DLFCN_H 1
| #define LT_OBJDIR ".libs/"
| /* end confdefs.h.  */
| #include <ac_nonexistent.h>
configure:11393: checking for ld used by g++
configure:11460: result: /usr/bin/ld
configure:11467: checking if the linker (/usr/bin/ld) is GNU ld
configure:11482: result: yes
configure:11537: checking whether the g++ linker (/usr/bin/ld) supports shared libraries
configure:12542: result: yes
configure:12578: g++ -c -g -O2  conftest.cpp >&5
configure:12581: $? = 0
configure:13101: checking for g++ option to produce PIC
configure:13108: result: -fPIC -DPIC
configure:13116: checking if g++ PIC flag -fPIC -DPIC works
configure:13134: g++ -c -g -O2  -fPIC -DPIC -DPIC conftest.cpp >&5
configure:13138: $? = 0
configure:13151: result: yes
configure:13174: checking if g++ static flag -static works
configure:13202: result: yes
configure:13214: checking if g++ supports -c -o file.o
configure:13235: g++ -c -g -O2  -o out/conftest2.o conftest.cpp >&5
configure:13239: $? = 0
configure:13261: result: yes
configure:13266: checking if g++ supports -c -o file.o
configure:13313: result: yes
configure:13343: checking whether the g++ linker (/usr/bin/ld) supports shared libraries
configure:13382: result: yes
configure:13523: checking dynamic linker characteristics
configure:14202: result: GNU/Linux ld.so
configure:14255: checking how to hardcode library paths into programs
configure:14280: result: immediate
configure:14324: checking for gawk
configure:14351: result: mawk
configure:14367: checking how to run the C preprocessor
configure:14437: result: gcc -E
configure:14457: gcc -E  conftest.c
configure:14457: $? = 0
configure:14471: gcc -E  conftest.c
conftest.c:21:28: fatal error: ac_nonexistent.h: No such file or directory
compilation terminated.
configure:14471: $? = 1
configure: failed program was:
| /* confdefs.h */
| #define PACKAGE_NAME "generic_server"
| #define PACKAGE_TARNAME "generic_server"
| #define PACKAGE_VERSION "0.0.0.9"
| #define PACKAGE_STRING "generic_server 0.0.0.9"
| #define PACKAGE_BUGREPORT "suraj@broadcom.com"
| #define PACKAGE_URL ""
| #define STDC_HEADERS 1
| #define HAVE_SYS_TYPES_H 1
| #define HAVE_SYS_STAT_H 1
| #define HAVE_STDLIB_H 1
| #define HAVE_STRING_H 1
| #define HAVE_MEMORY_H 1
| #define HAVE_STRINGS_H 1
| #define HAVE_INTTYPES_H 1
| #define HAVE_STDINT_H 1
| #define HAVE_UNISTD_H 1
| #define HAVE_DLFCN_H 1
| #define LT_OBJDIR ".libs/"
| /* end confdefs.h.  */
| #include <ac_nonexistent.h>
configure:14513: checking for a BSD-compatible install
configure:14581: result: /usr/bin/install -c
configure:14592: checking whether ln -s works
configure:14596: result: yes
configure:14603: checking whether make sets $(MAKE)
configure:14625: result: yes
configure:14677: checking for ranlib
configure:14704: result: ranlib
configure:14729: checking whether build environment is sane
configure:14779: result: yes
configure:14920: checking for a thread-safe mkdir -p
configure:14959: result: /bin/mkdir -p
configure:14989: checking for style of include used by make
configure:15017: result: GNU
configure:15103: checking dependency style of gcc
configure:15214: result: none
configure:15231: checking dependency style of g++
configure:15342: result: none
configure:15470: checking for C++ compiler version
configure:15479: g++ --version >&5
g++ (Ubuntu/Linaro 4.7.2-2ubuntu1) 4.7.2
Copyright (C) 2012 Free Software Foundation, Inc.
This is free software; see the source for copying conditions.  There is NO
warranty; not even for MERCHANTABILITY or FITNESS FOR A PARTICULAR PURPOSE.

configure:15490: $? = 0
configure:15479: g++ -v >&5
Using built-in specs.
COLLECT_GCC=g++
COLLECT_LTO_WRAPPER=/usr/lib/gcc/i686-linux-gnu/4.7/lto-wrapper
Target: i686-linux-gnu
Configured with: ../src/configure -v --with-pkgversion='Ubuntu/Linaro 4.7.2-2ubuntu1' --with-bugurl=file:///usr/share/doc/gcc-4.7/README.Bugs --enable-languages=c,c++,go,fortran,objc,obj-c++ --prefix=/usr --program-suffix=-4.7 --enable-shared --enable-linker-build-id --with-system-zlib --libexecdir=/usr/lib --without-included-gettext --enable-threads=posix --with-gxx-include-dir=/usr/include/c++/4.7 --libdir=/usr/lib --enable-nls --with-sysroot=/ --enable-clocale=gnu --enable-libstdcxx-debug --enable-libstdcxx-time=yes --enable-gnu-unique-object --enable-plugin --enable-objc-gc --enable-targets=all --disable-werror --with-arch-32=i686 --with-tune=generic --enable-checking=release --build=i686-linux-gnu --host=i686-linux-gnu --target=i686-linux-gnu
Thread model: posix
gcc version 4.7.2 (Ubuntu/Linaro 4.7.2-2ubuntu1) 
configure:15490: $? = 0
configure:15479: g++ -V >&5
g++: error: unrecognized command line option '-V'
g++: fatal error: no input files
compilation terminated.
configure:15490: $? = 4
configure:15479: g++ -qversion >&5
g++: error: unrecognized command line option '-qversion'
g++: fatal error: no input files
compilation terminated.
configure:15490: $? = 4
configure:15494: checking whether we are using the GNU C++ compiler
configure:15522: result: yes
configure:15531: checking whether g++ accepts -g
configure:15592: result: yes
configure:15616: checking for SSL_library_init in -lssl
configure:15641: gcc -o conftest -g -O2   conftest.c -lssl   >&5
configure:15641: $? = 0
configure:15650: result: yes
configure:15665: checking for sys/types.h
configure:15665: result: yes
configure:15665: checking for netinet/in.h
configure:15665: gcc -c -g -O2  conftest.c >&5
configure:15665: $? = 0
configure:15665: result: yes
configure:15665: checking for arpa/nameser.h
configure:15665: gcc -c -g -O2  conftest.c >&5
configure:15665: $? = 0
configure:15665: result: yes
configure:15665: checking for netdb.h
configure:15665: gcc -c -g -O2  conftest.c >&5
configure:15665: $? = 0
configure:15665: result: yes
configure:15665: checking for resolv.h
configure:15665: gcc -c -g -O2  conftest.c >&5
configure:15665: $? = 0
configure:15665: result: yes
configure:15691: checking arpa/inet.h usability
configure:15691: gcc -c -g -O2  conftest.c >&5
configure:15691: $? = 0
configure:15691: result: yes
configure:15691: checking arpa/inet.h presence
configure:15691: gcc -E  conftest.c
configure:15691: $? = 0
configure:15691: result: yes
configure:15691: checking for arpa/inet.h
configure:15691: result: yes
configure:15691: checking fcntl.h usability
configure:15691: gcc -c -g -O2  conftest.c >&5
configure:15691: $? = 0
configure:15691: result: yes
configure:15691: checking fcntl.h presence
configure:15691: gcc -E  conftest.c
configure:15691: $? = 0
configure:15691: result: yes
configure:15691: checking for fcntl.h
configure:15691: result: yes
configure:15691: checking for netdb.h
configure:15691: result: yes
configure:15691: checking for netinet/in.h
configure:15691: result: yes
configure:15691: checking for stdlib.h
configure:15691: result: yes
configure:15691: checking for string.h
configure:15691: result: yes
configure:15691: checking sys/socket.h usability
configure:15691: gcc -c -g -O2  conftest.c >&5
configure:15691: $? = 0
configure:15691: result: yes
configure:15691: checking sys/socket.h presence
configure:15691: gcc -E  conftest.c
configure:15691: $? = 0
configure:15691: result: yes
configure:15691: checking for sys/socket.h
configure:15691: result: yes
configure:15691: checking syslog.h usability
configure:15691: gcc -c -g -O2  conftest.c >&5
configure:15691: $? = 0
configure:15691: result: yes
configure:15691: checking syslog.h presence
configure:15691: gcc -E  conftest.c
configure:15691: $? = 0
configure:15691: result: yes
configure:15691: checking for syslog.h
configure:15691: result: yes
configure:15691: checking for unistd.h
configure:15691: result: yes
configure:15703: checking for stdbool.h that conforms to C99
configure:15770: gcc -c -g -O2  conftest.c >&5
configure:15770: $? = 0
configure:15777: result: yes
configure:15779: checking for _Bool
configure:15779: gcc -c -g -O2  conftest.c >&5
configure:15779: $? = 0
configure:15779: gcc -c -g -O2  conftest.c >&5
conftest.c: In function 'main':
conftest.c:74:20: error: expected expression before ')' token
configure:15779: $? = 1
configure: failed program was:
| /* confdefs.h */
| #define PACKAGE_NAME "generic_server"
| #define PACKAGE_TARNAME "generic_server"
| #define PACKAGE_VERSION "0.0.0.9"
| #define PACKAGE_STRING "generic_server 0.0.0.9"
| #define PACKAGE_BUGREPORT "suraj@broadcom.com"
| #define PACKAGE_URL ""
| #define STDC_HEADERS 1
| #define HAVE_SYS_TYPES_H 1
| #define HAVE_SYS_STAT_H 1
| #define HAVE_STDLIB_H 1
| #define HAVE_STRING_H 1
| #define HAVE_MEMORY_H 1
| #define HAVE_STRINGS_H 1
| #define HAVE_INTTYPES_H 1
| #define HAVE_STDINT_H 1
| #define HAVE_UNISTD_H 1
| #define HAVE_DLFCN_H 1
| #define LT_OBJDIR ".libs/"
| #define PACKAGE "generic_server"
| #define VERSION "0.0.0.9"
| #define HAVE_LIBSSL 1
| #define HAVE_SYS_TYPES_H 1
| #define HAVE_NETINET_IN_H 1
| #define HAVE_ARPA_NAMESER_H 1
| #define HAVE_NETDB_H 1
| #define HAVE_RESOLV_H 1
| #define HAVE_ARPA_INET_H 1
| #define HAVE_FCNTL_H 1
| #define HAVE_NETDB_H 1
| #define HAVE_NETINET_IN_H 1
| #define HAVE_STDLIB_H 1
| #define HAVE_STRING_H 1
| #define HAVE_SYS_SOCKET_H 1
| #define HAVE_SYSLOG_H 1
| #define HAVE_UNISTD_H 1
| /* end confdefs.h.  */
| #include <stdio.h>
| #ifdef HAVE_SYS_TYPES_H
| # include <sys/types.h>
| #endif
| #ifdef HAVE_SYS_STAT_H
| # include <sys/stat.h>
| #endif
| #ifdef STDC_HEADERS
| # include <stdlib.h>
| # include <stddef.h>
| #else
| # ifdef HAVE_STDLIB_H
| #  include <stdlib.h>
| # endif
| #endif
| #ifdef HAVE_STRING_H
| # if !defined STDC_HEADERS && defined HAVE_MEMORY_H
| #  include <memory.h>
| # endif
| # include <string.h>
| #endif
| #ifdef HAVE_STRINGS_H
| # include <strings.h>
| #endif
| #ifdef HAVE_INTTYPES_H
| # include <inttypes.h>
| #endif
| #ifdef HAVE_STDINT_H
| # include <stdint.h>
| #endif
| #ifdef HAVE_UNISTD_H
| # include <unistd.h>
| #endif
| int
| main ()
| {
| if (sizeof ((_Bool)))
| 	    return 0;
|   ;
|   return 0;
| }
configure:15779: result: yes
configure:15796: checking for size_t
configure:15796: gcc -c -g -O2  conftest.c >&5
configure:15796: $? = 0
configure:15796: gcc -c -g -O2  conftest.c >&5
conftest.c: In function 'main':
conftest.c:76:21: error: expected expression before ')' token
configure:15796: $? = 1
configure: failed program was:
| /* confdefs.h */
| #define PACKAGE_NAME "generic_server"
| #define PACKAGE_TARNAME "generic_server"
| #define PACKAGE_VERSION "0.0.0.9"
| #define PACKAGE_STRING "generic_server 0.0.0.9"
| #define PACKAGE_BUGREPORT "suraj@broadcom.com"
| #define PACKAGE_URL ""
| #define STDC_HEADERS 1
| #define HAVE_SYS_TYPES_H 1
| #define HAVE_SYS_STAT_H 1
| #define HAVE_STDLIB_H 1
| #define HAVE_STRING_H 1
| #define HAVE_MEMORY_H 1
| #define HAVE_STRINGS_H 1
| #define HAVE_INTTYPES_H 1
| #define HAVE_STDINT_H 1
| #define HAVE_UNISTD_H 1
| #define HAVE_DLFCN_H 1
| #define LT_OBJDIR ".libs/"
| #define PACKAGE "generic_server"
| #define VERSION "0.0.0.9"
| #define HAVE_LIBSSL 1
| #define HAVE_SYS_TYPES_H 1
| #define HAVE_NETINET_IN_H 1
| #define HAVE_ARPA_NAMESER_H 1
| #define HAVE_NETDB_H 1
| #define HAVE_RESOLV_H 1
| #define HAVE_ARPA_INET_H 1
| #define HAVE_FCNTL_H 1
| #define HAVE_NETDB_H 1
| #define HAVE_NETINET_IN_H 1
| #define HAVE_STDLIB_H 1
| #define HAVE_STRING_H 1
| #define HAVE_SYS_SOCKET_H 1
| #define HAVE_SYSLOG_H 1
| #define HAVE_UNISTD_H 1
| #define HAVE__BOOL 1
| #define HAVE_STDBOOL_H 1
| /* end confdefs.h.  */
| #include <stdio.h>
| #ifdef HAVE_SYS_TYPES_H
| # include <sys/types.h>
| #endif
| #ifdef HAVE_SYS_STAT_H
| # include <sys/stat.h>
| #endif
| #ifdef STDC_HEADERS
| # include <stdlib.h>
| # include <stddef.h>
| #else
| # ifdef HAVE_STDLIB_H
| #  include <stdlib.h>
| # endif
| #endif
| #ifdef HAVE_STRING_H
| # if !defined STDC_HEADERS && defined HAVE_MEMORY_H
| #  include <memory.h>
| # endif
| # include <string.h>
| #endif
| #ifdef HAVE_STRINGS_H
| # include <strings.h>
| #endif
| #ifdef HAVE_INTTYPES_H
| # include <inttypes.h>
| #endif
| #ifdef HAVE_STDINT_H
| # include <stdint.h>
| #endif
| #ifdef HAVE_UNISTD_H
| # include <unistd.h>
| #endif
| int
| main ()
| {
| if (sizeof ((size_t)))
| 	    return 0;
|   ;
|   return 0;
| }
configure:15796: result: yes
configure:15809: checking for pid_t
configure:15809: gcc -c -g -O2  conftest.c >&5
configure:15809: $? = 0
configure:15809: gcc -c -g -O2  conftest.c >&5
conftest.c: In function 'main':
conftest.c:76:20: error: expected expression before ')' token
configure:15809: $? = 1
configure: failed program was:
| /* confdefs.h */
| #define PACKAGE_NAME "generic_server"
| #define PACKAGE_TARNAME "generic_server"
| #define PACKAGE_VERSION "0.0.0.9"
| #define PACKAGE_STRING "generic_server 0.0.0.9"
| #define PACKAGE_BUGREPORT "suraj@broadcom.com"
| #define PACKAGE_URL ""
| #define STDC_HEADERS 1
| #define HAVE_SYS_TYPES_H 1
| #define HAVE_SYS_STAT_H 1
| #define HAVE_STDLIB_H 1
| #define HAVE_STRING_H 1
| #define HAVE_MEMORY_H 1
| #define HAVE_STRINGS_H 1
| #define HAVE_INTTYPES_H 1
| #define HAVE_STDINT_H 1
| #define HAVE_UNISTD_H 1
| #define HAVE_DLFCN_H 1
| #define LT_OBJDIR ".libs/"
| #define PACKAGE "generic_server"
| #define VERSION "0.0.0.9"
| #define HAVE_LIBSSL 1
| #define HAVE_SYS_TYPES_H 1
| #define HAVE_NETINET_IN_H 1
| #define HAVE_ARPA_NAMESER_H 1
| #define HAVE_NETDB_H 1
| #define HAVE_RESOLV_H 1
| #define HAVE_ARPA_INET_H 1
| #define HAVE_FCNTL_H 1
| #define HAVE_NETDB_H 1
| #define HAVE_NETINET_IN_H 1
| #define HAVE_STDLIB_H 1
| #define HAVE_STRING_H 1
| #define HAVE_SYS_SOCKET_H 1
| #define HAVE_SYSLOG_H 1
| #define HAVE_UNISTD_H 1
| #define HAVE__BOOL 1
| #define HAVE_STDBOOL_H 1
| /* end confdefs.h.  */
| #include <stdio.h>
| #ifdef HAVE_SYS_TYPES_H
| # include <sys/types.h>
| #endif
| #ifdef HAVE_SYS_STAT_H
| # include <sys/stat.h>
| #endif
| #ifdef STDC_HEADERS
| # include <stdlib.h>
| # include <stddef.h>
| #else
| # ifdef HAVE_STDLIB_H
| #  include <stdlib.h>
| # endif
| #endif
| #ifdef HAVE_STRING_H
| # if !defined STDC_HEADERS && defined HAVE_MEMORY_H
| #  include <memory.h>
| # endif
| # include <string.h>
| #endif
| #ifdef HAVE_STRINGS_H
| # include <strings.h>
| #endif
| #ifdef HAVE_INTTYPES_H
| # include <inttypes.h>
| #endif
| #ifdef HAVE_STDINT_H
| # include <stdint.h>
| #endif
| #ifdef HAVE_UNISTD_H
| # include <unistd.h>
| #endif
| int
| main ()
| {
| if (sizeof ((pid_t)))
| 	    return 0;
|   ;
|   return 0;
| }
configure:15809: result: yes
configure:15822: checking vfork.h usability
configure:15822: gcc -c -g -O2  conftest.c >&5
conftest.c:73:19: fatal error: vfork.h: No such file or directory
compilation terminated.
configure:15822: $? = 1
configure: failed program was:
| /* confdefs.h */
| #define PACKAGE_NAME "generic_server"
| #define PACKAGE_TARNAME "generic_server"
| #define PACKAGE_VERSION "0.0.0.9"
| #define PACKAGE_STRING "generic_server 0.0.0.9"
| #define PACKAGE_BUGREPORT "suraj@broadcom.com"
| #define PACKAGE_URL ""
| #define STDC_HEADERS 1
| #define HAVE_SYS_TYPES_H 1
| #define HAVE_SYS_STAT_H 1
| #define HAVE_STDLIB_H 1
| #define HAVE_STRING_H 1
| #define HAVE_MEMORY_H 1
| #define HAVE_STRINGS_H 1
| #define HAVE_INTTYPES_H 1
| #define HAVE_STDINT_H 1
| #define HAVE_UNISTD_H 1
| #define HAVE_DLFCN_H 1
| #define LT_OBJDIR ".libs/"
| #define PACKAGE "generic_server"
| #define VERSION "0.0.0.9"
| #define HAVE_LIBSSL 1
| #define HAVE_SYS_TYPES_H 1
| #define HAVE_NETINET_IN_H 1
| #define HAVE_ARPA_NAMESER_H 1
| #define HAVE_NETDB_H 1
| #define HAVE_RESOLV_H 1
| #define HAVE_ARPA_INET_H 1
| #define HAVE_FCNTL_H 1
| #define HAVE_NETDB_H 1
| #define HAVE_NETINET_IN_H 1
| #define HAVE_STDLIB_H 1
| #define HAVE_STRING_H 1
| #define HAVE_SYS_SOCKET_H 1
| #define HAVE_SYSLOG_H 1
| #define HAVE_UNISTD_H 1
| #define HAVE__BOOL 1
| #define HAVE_STDBOOL_H 1
| /* end confdefs.h.  */
| #include <stdio.h>
| #ifdef HAVE_SYS_TYPES_H
| # include <sys/types.h>
| #endif
| #ifdef HAVE_SYS_STAT_H
| # include <sys/stat.h>
| #endif
| #ifdef STDC_HEADERS
| # include <stdlib.h>
| # include <stddef.h>
| #else
| # ifdef HAVE_STDLIB_H
| #  include <stdlib.h>
| # endif
| #endif
| #ifdef HAVE_STRING_H
| # if !defined STDC_HEADERS && defined HAVE_MEMORY_H
| #  include <memory.h>
| # endif
| # include <string.h>
| #endif
| #ifdef HAVE_STRINGS_H
| # include <strings.h>
| #endif
| #ifdef HAVE_INTTYPES_H
| # include <inttypes.h>
| #endif
| #ifdef HAVE_STDINT_H
| # include <stdint.h>
| #endif
| #ifdef HAVE_UNISTD_H
| # include <unistd.h>
| #endif
| #include <vfork.h>
configure:15822: result: no
configure:15822: checking vfork.h presence
configure:15822: gcc -E  conftest.c
conftest.c:40:19: fatal error: vfork.h: No such file or directory
compilation terminated.
configure:15822: $? = 1
configure: failed program was:
| /* confdefs.h */
| #define PACKAGE_NAME "generic_server"
| #define PACKAGE_TARNAME "generic_server"
| #define PACKAGE_VERSION "0.0.0.9"
| #define PACKAGE_STRING "generic_server 0.0.0.9"
| #define PACKAGE_BUGREPORT "suraj@broadcom.com"
| #define PACKAGE_URL ""
| #define STDC_HEADERS 1
| #define HAVE_SYS_TYPES_H 1
| #define HAVE_SYS_STAT_H 1
| #define HAVE_STDLIB_H 1
| #define HAVE_STRING_H 1
| #define HAVE_MEMORY_H 1
| #define HAVE_STRINGS_H 1
| #define HAVE_INTTYPES_H 1
| #define HAVE_STDINT_H 1
| #define HAVE_UNISTD_H 1
| #define HAVE_DLFCN_H 1
| #define LT_OBJDIR ".libs/"
| #define PACKAGE "generic_server"
| #define VERSION "0.0.0.9"
| #define HAVE_LIBSSL 1
| #define HAVE_SYS_TYPES_H 1
| #define HAVE_NETINET_IN_H 1
| #define HAVE_ARPA_NAMESER_H 1
| #define HAVE_NETDB_H 1
| #define HAVE_RESOLV_H 1
| #define HAVE_ARPA_INET_H 1
| #define HAVE_FCNTL_H 1
| #define HAVE_NETDB_H 1
| #define HAVE_NETINET_IN_H 1
| #define HAVE_STDLIB_H 1
| #define HAVE_STRING_H 1
| #define HAVE_SYS_SOCKET_H 1
| #define HAVE_SYSLOG_H 1
| #define HAVE_UNISTD_H 1
| #define HAVE__BOOL 1
| #define HAVE_STDBOOL_H 1
| /* end confdefs.h.  */
| #include <vfork.h>
configure:15822: result: no
configure:15822: checking for vfork.h
configure:15822: result: no
configure:15835: checking for fork
configure:15835: gcc -o conftest -g -O2   conftest.c -lssl  >&5
conftest.c:63:6: warning: conflicting types for built-in function 'fork' [enabled by default]
configure:15835: $? = 0
configure:15835: result: yes
configure:15835: checking for vfork
configure:15835: gcc -o conftest -g -O2   conftest.c -lssl  >&5
configure:15835: $? = 0
configure:15835: result: yes
configure:15845: checking for working fork
configure:15867: gcc -o conftest -g -O2   conftest.c -lssl  >&5
configure:15867: $? = 0
configure:15867: ./conftest
configure:15867: $? = 0
configure:15877: result: yes
configure:15898: checking for working vfork
configure:16008: result: yes
configure:16035: checking for stdlib.h
configure:16035: result: yes
configure:16045: checking for GNU libc compatible malloc
configure:16069: gcc -o conftest -g -O2   conftest.c -lssl  >&5
configure:16069: $? = 0
configure:16069: ./conftest
configure:16069: $? = 0
configure:16079: result: yes
configure:16103: checking for inet_ntoa
configure:16103: gcc -o conftest -g -O2   conftest.c -lssl  >&5
configure:16103: $? = 0
configure:16103: result: yes
configure:16103: checking for localtime_r
configure:16103: gcc -o conftest -g -O2   conftest.c -lssl  >&5
configure:16103: $? = 0
configure:16103: result: yes
configure:16103: checking for memset
configure:16103: gcc -o conftest -g -O2   conftest.c -lssl  >&5
conftest.c:71:6: warning: conflicting types for built-in function 'memset' [enabled by default]
configure:16103: $? = 0
configure:16103: result: yes
configure:16103: checking for select
configure:16103: gcc -o conftest -g -O2   conftest.c -lssl  >&5
configure:16103: $? = 0
configure:16103: result: yes
configure:16103: checking for socket
configure:16103: gcc -o conftest -g -O2   conftest.c -lssl  >&5
configure:16103: $? = 0
configure:16103: result: yes
configure:16248: creating ./config.status

## ---------------------- ##
## Running config.status. ##
## ---------------------- ##

This file was extended by generic_server config.status 0.0.0.9, which was
generated by GNU Autoconf 2.69.  Invocation command line was

  CONFIG_FILES    = 
  CONFIG_HEADERS  = 
  CONFIG_LINKS    = 
  CONFIG_COMMANDS = 
  $ ./config.status 

on ld-irv-0034

config.status:1174: creating Makefile
config.status:1174: creating generic_plugin/Makefile
config.status:1174: creating framework/Makefile
config.status:1174: creating sample_client/Makefile
config.status:1174: creating plugins/sample/Makefile
config.status:1174: creating CERT/Makefile
config.status:1174: creating conf/generic_server.conf
config.status:1174: creating conf/Makefile
config.status:1174: creating config.h
config.status:1355: config.h is unchanged
config.status:1403: executing libtool commands
config.status:1403: executing depfiles commands

## ---------------- ##
## Cache variables. ##
## ---------------- ##

ac_cv_build=i686-pc-linux-gnu
ac_cv_c_compiler_gnu=yes
ac_cv_cxx_compiler_gnu=yes
ac_cv_env_CCC_set=
ac_cv_env_CCC_value=
ac_cv_env_CC_set=
ac_cv_env_CC_value=
ac_cv_env_CFLAGS_set=
ac_cv_env_CFLAGS_value=
ac_cv_env_CPPFLAGS_set=
ac_cv_env_CPPFLAGS_value=
ac_cv_env_CPP_set=
ac_cv_env_CPP_value=
ac_cv_env_CXXCPP_set=
ac_cv_env_CXXCPP_value=
ac_cv_env_CXXFLAGS_set=
ac_cv_env_CXXFLAGS_value=
ac_cv_env_CXX_set=
ac_cv_env_CXX_value=
ac_cv_env_LDFLAGS_set=
ac_cv_env_LDFLAGS_value=
ac_cv_env_LIBS_set=
ac_cv_env_LIBS_value=
ac_cv_env_build_alias_set=
ac_cv_env_build_alias_value=
ac_cv_env_host_alias_set=
ac_cv_env_host_alias_value=
ac_cv_env_target_alias_set=
ac_cv_env_target_alias_value=
ac_cv_func_fork=yes
ac_cv_func_fork_works=yes
ac_cv_func_inet_ntoa=yes
ac_cv_func_localtime_r=yes
ac_cv_func_malloc_0_nonnull=yes
ac_cv_func_memset=yes
ac_cv_func_select=yes
ac_cv_func_socket=yes
ac_cv_func_vfork=yes
ac_cv_func_vfork_works=yes
ac_cv_header_arpa_inet_h=yes
ac_cv_header_arpa_nameser_h=yes
ac_cv_header_dlfcn_h=yes
ac_cv_header_fcntl_h=yes
ac_cv_header_inttypes_h=yes
ac_cv_header_memory_h=yes
ac_cv_header_netdb_h=yes
ac_cv_header_netinet_in_h=yes
ac_cv_header_resolv_h=yes
ac_cv_header_stdbool_h=yes
ac_cv_header_stdc=yes
ac_cv_header_stdint_h=yes
ac_cv_header_stdlib_h=yes
ac_cv_header_string_h=yes
ac_cv_header_strings_h=yes
ac_cv_header_sys_socket_h=yes
ac_cv_header_sys_stat_h=yes
ac_cv_header_sys_types_h=yes
ac_cv_header_syslog_h=yes
ac_cv_header_unistd_h=yes
ac_cv_header_vfork_h=no
ac_cv_host=i686-pc-linux-gnu
ac_cv_lib_ssl_SSL_library_init=yes
ac_cv_objext=o
ac_cv_path_EGREP='/bin/grep -E'
ac_cv_path_FGREP='/bin/grep -F'
ac_cv_path_GREP=/bin/grep
ac_cv_path_SED=/bin/sed
ac_cv_path_install='/usr/bin/install -c'
ac_cv_path_mkdir=/bin/mkdir
ac_cv_prog_AWK=mawk
ac_cv_prog_CPP='gcc -E'
ac_cv_prog_CXXCPP='g++ -E'
ac_cv_prog_ac_ct_AR=ar
ac_cv_prog_ac_ct_CC=gcc
ac_cv_prog_ac_ct_CXX=g++
ac_cv_prog_ac_ct_MANIFEST_TOOL=mt
ac_cv_prog_ac_ct_OBJDUMP=objdump
ac_cv_prog_ac_ct_RANLIB=ranlib
ac_cv_prog_ac_ct_STRIP=strip
ac_cv_prog_cc_c89=
ac_cv_prog_cc_g=yes
ac_cv_prog_cxx_g=yes
ac_cv_prog_make_make_set=yes
ac_cv_type__Bool=yes
ac_cv_type_pid_t=yes
ac_cv_type_size_t=yes
am_cv_CC_dependencies_compiler_type=none
am_cv_CXX_dependencies_compiler_type=none
lt_cv_ar_at_file=@
lt_cv_archive_cmds_need_lc=no
lt_cv_deplibs_check_method=pass_all
lt_cv_file_magic_cmd='$MAGIC_CMD'
lt_cv_file_magic_test_file=
lt_cv_ld_reload_flag=-r
lt_cv_nm_interface='BSD nm'
lt_cv_objdir=.libs
lt_cv_path_LD=/usr/bin/ld
lt_cv_path_LDCXX=/usr/bin/ld
lt_cv_path_NM='/usr/bin/nm -B'
lt_cv_path_mainfest_tool=no
lt_cv_prog_compiler_c_o=yes
lt_cv_prog_compiler_c_o_CXX=yes
lt_cv_prog_compiler_pic='-fPIC -DPIC'
lt_cv_prog_compiler_pic_CXX='-fPIC -DPIC'
lt_cv_prog_compiler_pic_works=yes
lt_cv_prog_compiler_pic_works_CXX=yes
lt_cv_prog_compiler_rtti_exceptions=no
lt_cv_prog_compiler_static_works=yes
lt_cv_prog_compiler_static_works_CXX=yes
lt_cv_prog_gnu_ld=yes
lt_cv_prog_gnu_ldcxx=yes
lt_cv_sharedlib_from_linklib_cmd='printf %s\n'
lt_cv_shlibpath_overrides_runpath=no
lt_cv_sys_global_symbol_pipe='sed -n -e '\''s/^.*[	 ]\([ABCDGIRSTW][ABCDGIRSTW]*\)[	 ][	 ]*\([_A-Za-z][_A-Za-z0-9]*\)$/\1 \2 \2/p'\'' | sed '\''/ __gnu_lto/d'\'''
lt_cv_sys_global_symbol_to_c_name_address='sed -n -e '\''s/^: \([^ ]*\)[ ]*$/  {\"\1\", (void *) 0},/p'\'' -e '\''s/^[ABCDGIRSTW]* \([^ ]*\) \([^ ]*\)$/  {"\2", (void *) \&\2},/p'\'''
lt_cv_sys_global_symbol_to_c_name_address_lib_prefix='sed -n -e '\''s/^: \([^ ]*\)[ ]*$/  {\"\1\", (void *) 0},/p'\'' -e '\''s/^[ABCDGIRSTW]* \([^ ]*\) \(lib[^ ]*\)$/  {"\2", (void *) \&\2},/p'\'' -e '\''s/^[ABCDGIRSTW]* \([^ ]*\) \([^ ]*\)$/  {"lib\2", (void *) \&\2},/p'\'''
lt_cv_sys_global_symbol_to_cdecl='sed -n -e '\''s/^T .* \(.*\)$/extern int \1();/p'\'' -e '\''s/^[ABCDGIRSTW]* .* \(.*\)$/extern char \1;/p'\'''
lt_cv_sys_max_cmd_len=1572864
lt_cv_to_host_file_cmd=func_convert_file_noop
lt_cv_to_tool_file_cmd=func_convert_file_noop

## ----------------- ##
## Output variables. ##
## ----------------- ##

ACLOCAL='${SHELL} /home/suraj/public_html/framework/missing --run aclocal-1.11'
AMDEPBACKSLASH='\'
AMDEP_FALSE='#'
AMDEP_TRUE=''
AMTAR='$${TAR-tar}'
AR='ar'
AUTOCONF='${SHELL} /home/suraj/public_html/framework/missing --run autoconf'
AUTOHEADER='${SHELL} /home/suraj/public_html/framework/missing --run autoheader'
AUTOMAKE='${SHELL} /home/suraj/public_html/framework/missing --run automake-1.11'
AWK='mawk'
CC='gcc'
CCDEPMODE='depmode=none'
CFLAGS='-g -O2'
CPP='gcc -E'
CPPFLAGS=''
CXX='g++'
CXXCPP='g++ -E'
CXXDEPMODE='depmode=none'
CXXFLAGS='-g -O2'
CYGPATH_W='echo'
DEFS='-DHAVE_CONFIG_H'
DEPDIR='.deps'
DLLTOOL='false'
DSYMUTIL=''
DUMPBIN=''
ECHO_C=''
ECHO_N='-n'
ECHO_T=''
EGREP='/bin/grep -E'
EXEEXT=''
FGREP='/bin/grep -F'
GREP='/bin/grep'
INSTALL_DATA='${INSTALL} -m 644'
INSTALL_PROGRAM='${INSTALL}'
INSTALL_SCRIPT='${INSTALL}'
INSTALL_STRIP_PROGRAM='$(install_sh) -c -s'
LD='/usr/bin/ld'
LDFLAGS=''
LIBOBJS=''
LIBS='-lssl '
LIBTOOL='$(SHELL) $(top_builddir)/libtool'
LIPO=''
LN_S='ln -s'
LTLIBOBJS=''
MAKEINFO='${SHELL} /home/suraj/public_html/framework/missing --run makeinfo'
MANIFEST_TOOL=':'
MKDIR_P='/bin/mkdir -p'
NM='/usr/bin/nm -B'
NMEDIT=''
OBJDUMP='objdump'
OBJEXT='o'
OTOOL64=''
OTOOL=''
PACKAGE='generic_server'
PACKAGE_BUGREPORT='suraj@broadcom.com'
PACKAGE_NAME='generic_server'
PACKAGE_STRING='generic_server 0.0.0.9'
PACKAGE_TARNAME='generic_server'
PACKAGE_URL=''
PACKAGE_VERSION='0.0.0.9'
PATH_SEPARATOR=':'
RANLIB='ranlib'
SED='/bin/sed'
SET_MAKE=''
SHELL='/bin/bash'
STRIP='strip'
VERSION='0.0.0.9'
ac_ct_AR='ar'
ac_ct_CC='gcc'
ac_ct_CXX='g++'
ac_ct_DUMPBIN=''
am__EXEEXT_FALSE=''
am__EXEEXT_TRUE='#'
am__fastdepCC_FALSE=''
am__fastdepCC_TRUE='#'
am__fastdepCXX_FALSE=''
am__fastdepCXX_TRUE='#'
am__include='include'
am__isrc=''
am__leading_dot='.'
am__nodep='_no'
am__quote=''
am__tar='$${TAR-tar} chof - "$$tardir"'
am__untar='$${TAR-tar} xf -'
bindir='${exec_prefix}/bin'
build='i686-pc-linux-gnu'
build_alias=''
build_cpu='i686'
build_os='linux-gnu'
build_vendor='pc'
datadir='${datarootdir}'
datarootdir='${prefix}/share'
docdir='${datarootdir}/doc/${PACKAGE_TARNAME}'
dvidir='${docdir}'
exec_prefix='${prefix}'
host='i686-pc-linux-gnu'
host_alias=''
host_cpu='i686'
host_os='linux-gnu'
host_vendor='pc'
htmldir='${docdir}'
includedir='${prefix}/include'
infodir='${datarootdir}/info'
install_sh='${SHELL} /home/suraj/public_html/framework/install-sh'
libdir='${exec_prefix}/lib'
libexecdir='${exec_prefix}/libexec'
localedir='${datarootdir}/locale'
localstatedir='${prefix}/var'
mandir='${datarootdir}/man'
mkdir_p='/bin/mkdir -p'
oldincludedir='/usr/include'
pdfdir='${docdir}'
prefix='/tmp'
program_transform_name='s,x,x,'
psdir='${docdir}'
sbindir='${exec_prefix}/sbin'
sharedstatedir='${prefix}/com'
sysconfdir='${prefix}/etc'
target_alias=''

## ----------- ##
## confdefs.h. ##
## ----------- ##

/* confdefs.h */
#define PACKAGE_NAME "generic_server"
#define PACKAGE_TARNAME "generic_server"
#define PACKAGE_VERSION "0.0.0.9"
#define PACKAGE_STRING "generic_server 0.0.0.9"
#define PACKAGE_BUGREPORT "suraj@broadcom.com"
#define PACKAGE_URL ""
#define STDC_HEADERS 1
#define HAVE_SYS_TYPES_H 1
#define HAVE_SYS_STAT_H 1
#define HAVE_STDLIB_H 1
#define HAVE_STRING_H 1
#define HAVE_MEMORY_H 1
#define HAVE_STRINGS_H 1
#define HAVE_INTTYPES_H 1
#define HAVE_STDINT_H 1
#define HAVE_UNISTD_H 1
#define HAVE_DLFCN_H 1
#define LT_OBJDIR ".libs/"
#define PACKAGE "generic_server"
#define VERSION "0.0.0.9"
#define HAVE_LIBSSL 1
#define HAVE_SYS_TYPES_H 1
#define HAVE_NETINET_IN_H 1
#define HAVE_ARPA_NAMESER_H 1
#define HAVE_NETDB_H 1
#define HAVE_RESOLV_H 1
#define HAVE_ARPA_INET_H 1
#define HAVE_FCNTL_H 1
#define HAVE_NETDB_H 1
#define HAVE_NETINET_IN_H 1
#define HAVE_STDLIB_H 1
#define HAVE_STRING_H 1
#define HAVE_SYS_SOCKET_H 1
#define HAVE_SYSLOG_H 1
#define HAVE_UNISTD_H 1
#define HAVE__BOOL 1
#define HAVE_STDBOOL_H 1
#define HAVE_FORK 1
#define HAVE_VFORK 1
#define HAVE_WORKING_VFORK 1
#define HAVE_WORKING_FORK 1
#define HAVE_STDLIB_H 1
#define HAVE_MALLOC 1
#define HAVE_INET_NTOA 1
#define HAVE_LOCALTIME_R 1
#define HAVE_MEMSET 1
#define HAVE_SELECT 1
#define HAVE_SOCKET 1

configure: exit 0
