P:\GENERI~3\WINDOWS\generic_server\\sample2_plugin\Release\sample2_plugin.dll
P:\GENERI~3\WINDOWS\generic_server\\sample2_plugin\Release\sample2_plugin.dll.intermediate.manifest
P:\GENERI~3\WINDOWS\generic_server\\sample2_plugin\Release\sample2_plugin.pdb
P:\GENERI~3\WINDOWS\generic_server\sample2_plugin\Release\cl.command.1.tlog
P:\GENERI~3\WINDOWS\generic_server\sample2_plugin\Release\CL.read.1.tlog
P:\GENERI~3\WINDOWS\generic_server\sample2_plugin\Release\CL.write.1.tlog
P:\GENERI~3\WINDOWS\generic_server\sample2_plugin\Release\link.command.1.tlog
P:\GENERI~3\WINDOWS\generic_server\sample2_plugin\Release\link.read.1.tlog
P:\GENERI~3\WINDOWS\generic_server\sample2_plugin\Release\link.write.1.tlog
P:\GENERI~3\WINDOWS\generic_server\sample2_plugin\Release\mt.command.1.tlog
P:\GENERI~3\WINDOWS\generic_server\sample2_plugin\Release\mt.read.1.tlog
P:\GENERI~3\WINDOWS\generic_server\sample2_plugin\Release\mt.write.1.tlog
P:\GENERI~3\WINDOWS\GENERIC_SERVER\SAMPLE2_PLUGIN\RELEASE\SAMPLE2.OBJ
P:\GENERI~3\WINDOWS\GENERIC_SERVER\SAMPLE2_PLUGIN\RELEASE\SAMPLE2_PLUGIN.DLL
P:\GENERI~3\WINDOWS\GENERIC_SERVER\SAMPLE2_PLUGIN\RELEASE\SAMPLE2_PLUGIN.DLL.INTERMEDIATE.MANIFEST
P:\GENERI~3\WINDOWS\generic_server\sample2_plugin\Release\sample2_plugin.exp
P:\GENERI~3\WINDOWS\generic_server\sample2_plugin\Release\sample2_plugin.lib
P:\GENERI~3\WINDOWS\GENERIC_SERVER\SAMPLE2_PLUGIN\RELEASE\SAMPLE2_PLUGIN.PDB
P:\GENERI~3\WINDOWS\generic_server\sample2_plugin\Release\sample2_plugin.write.1.tlog
P:\GENERI~3\WINDOWS\GENERIC_SERVER\SAMPLE2_PLUGIN\RELEASE\VC100.PDB
P:\GENERI~3\WINDOWS\GENERIC_SERVER\SAMPLE2_PLUGIN\RELEASE\XEVENTLOG.OBJ
