Build started 11/18/2013 11:23:45 AM.
     1>Project "P:\GENERI~3\WINDOWS\generic_server\sample2_plugin\sample2_plugin.vcxproj" on node 2 (rebuild target(s)).
     1>_PrepareForClean:
         Deleting file "Release\sample2_plugin.lastbuildstate".
       InitializeBuildStatus:
         Creating "Release\sample2_plugin.unsuccessfulbuild" because "AlwaysCreate" was specified.
       ClCompile:
         c:\Program Files\Microsoft Visual Studio 10.0\VC\bin\CL.exe /c /Zi /nologo /W2 /WX- /O2 /Oi /Oy- /GL /D WINDOWS /D "LIBTYPE=__declspec(dllexport)" /D DLLAPI /D _WINDLL /D _UNICODE /D UNICODE /Gm- /EHsc /MD /GS /Gy /fp:precise /Zc:wchar_t /Zc:forScope /Fo"Release\\" /Fd"Release\vc100.pdb" /Gd /TP /analyze- /errorReport:prompt ..\..\..\framework\XEventLog.cpp ..\..\..\plugins\sample2\sample2.cpp
         XEventLog.cpp
         sample2.cpp
       Link:
         c:\Program Files\Microsoft Visual Studio 10.0\VC\bin\link.exe /ERRORREPORT:PROMPT /OUT:"P:\GENERI~3\WINDOWS\generic_server\\sample2_plugin\Release\sample2_plugin.dll" /INCREMENTAL:NO /NOLOGO ws2_32.lib libeay32.lib ssleay32.lib generic_plugin.lib kernel32.lib user32.lib gdi32.lib winspool.lib comdlg32.lib advapi32.lib shell32.lib ole32.lib oleaut32.lib uuid.lib odbc32.lib odbccp32.lib /MANIFEST /ManifestFile:"Release\sample2_plugin.dll.intermediate.manifest" /MANIFESTUAC:"level='asInvoker' uiAccess='false'" /DEBUG /PDB:"P:\GENERI~3\WINDOWS\generic_server\sample2_plugin\Release\sample2_plugin.pdb" /OPT:REF /OPT:ICF /LTCG /TLBID:1 /DYNAMICBASE /NXCOMPAT /IMPLIB:"P:\GENERI~3\WINDOWS\generic_server\\sample2_plugin\Release\sample2_plugin.lib" /MACHINE:X86 /DLL Release\XEventLog.obj
         Release\sample2.obj
            Creating library P:\GENERI~3\WINDOWS\generic_server\\sample2_plugin\Release\sample2_plugin.lib and object P:\GENERI~3\WINDOWS\generic_server\\sample2_plugin\Release\sample2_plugin.exp
         Generating code
         Finished generating code
         sample2_plugin.vcxproj -> P:\GENERI~3\WINDOWS\generic_server\\sample2_plugin\Release\sample2_plugin.dll
       Manifest:
         C:\Program Files\Microsoft SDKs\Windows\v7.0A\bin\mt.exe /nologo /verbose /outputresource:"P:\GENERI~3\WINDOWS\generic_server\\sample2_plugin\Release\sample2_plugin.dll;#2" /manifest Release\sample2_plugin.dll.intermediate.manifest
       FinalizeBuildStatus:
         Deleting file "Release\sample2_plugin.unsuccessfulbuild".
         Touching "Release\sample2_plugin.lastbuildstate".
     1>Done Building Project "P:\GENERI~3\WINDOWS\generic_server\sample2_plugin\sample2_plugin.vcxproj" (rebuild target(s)).

Build succeeded.

Time Elapsed 00:00:08.51
